This is pdfTeX, Version 3.14159265-2.6-1.40.19 (MiKTeX 2.9.6930 64-bit) (preloaded format=pdflatex 2019.1.22)  29 MAR 2019 10:28
entering extended mode
**./A4_fixed_table_and_image.tex
(A4_fixed_table_and_image.tex
LaTeX2e <2018-12-01>
("C:\Program Files\MiKTeX 2.9\tex/latex/base\article.cls"
Document Class: article 2018/09/03 v1.4i Standard LaTeX document class
("C:\Program Files\MiKTeX 2.9\tex/latex/base\size10.clo"
File: size10.clo 2018/09/03 v1.4i Standard LaTeX file (size option)
)
\c@part=\count80
\c@section=\count81
\c@subsection=\count82
\c@subsubsection=\count83
\c@paragraph=\count84
\c@subparagraph=\count85
\c@figure=\count86
\c@table=\count87
\abovecaptionskip=\skip41
\belowcaptionskip=\skip42
\bibindent=\dimen102
)
("C:\Program Files\MiKTeX 2.9\tex/latex/graphics\graphicx.sty"
Package: graphicx 2017/06/01 v1.1a Enhanced LaTeX Graphics (DPC,SPQR)

("C:\Program Files\MiKTeX 2.9\tex/latex/graphics\keyval.sty"
Package: keyval 2014/10/28 v1.15 key=value parser (DPC)
\KV@toks@=\toks14
)
("C:\Program Files\MiKTeX 2.9\tex/latex/graphics\graphics.sty"
Package: graphics 2017/06/25 v1.2c Standard LaTeX Graphics (DPC,SPQR)

("C:\Program Files\MiKTeX 2.9\tex/latex/graphics\trig.sty"
Package: trig 2016/01/03 v1.10 sin cos tan (DPC)
)
("C:\Program Files\MiKTeX 2.9\tex/latex/graphics-cfg\graphics.cfg"
File: graphics.cfg 2016/06/04 v1.11 sample graphics configuration
)
Package graphics Info: Driver file: pdftex.def on input line 99.

("C:\Program Files\MiKTeX 2.9\tex/latex/graphics-def\pdftex.def"
File: pdftex.def 2018/01/08 v1.0l Graphics/color driver for pdftex
))
\Gin@req@height=\dimen103
\Gin@req@width=\dimen104
)
(C:\Users\Dasaed\AppData\Roaming\MiKTeX\2.9\tex/latex/algorithms\algorithm.sty
Package: algorithm 2009/08/24 v0.1 Document Style `algorithm' - floating enviro
nment

("C:\Program Files\MiKTeX 2.9\tex/latex/float\float.sty"
Package: float 2001/11/08 v1.3d Float enhancements (AL)
\c@float@type=\count88
\float@exts=\toks15
\float@box=\box27
\@float@everytoks=\toks16
\@floatcapt=\box28
)
("C:\Program Files\MiKTeX 2.9\tex/latex/base\ifthen.sty"
Package: ifthen 2014/09/29 v1.1c Standard LaTeX ifthen package (DPC)
)
\@float@every@algorithm=\toks17
\c@algorithm=\count89
)
(C:\Users\Dasaed\AppData\Roaming\MiKTeX\2.9\tex/latex/algorithms\algorithmic.st
y
Package: algorithmic 2009/08/24 v0.1 Document Style `algorithmic'
\c@ALC@unique=\count90
\c@ALC@line=\count91
\c@ALC@rem=\count92
\c@ALC@depth=\count93
\ALC@tlm=\skip43
\algorithmicindent=\skip44
) ("C:\Program Files\MiKTeX 2.9\tex/latex/amsmath\amsmath.sty"
Package: amsmath 2018/12/01 v2.17b AMS math features
\@mathmargin=\skip45

For additional information on amsmath, use the `?' option.
("C:\Program Files\MiKTeX 2.9\tex/latex/amsmath\amstext.sty"
Package: amstext 2000/06/29 v2.01 AMS text

("C:\Program Files\MiKTeX 2.9\tex/latex/amsmath\amsgen.sty"
File: amsgen.sty 1999/11/30 v2.0 generic functions
\@emptytoks=\toks18
\ex@=\dimen105
))
("C:\Program Files\MiKTeX 2.9\tex/latex/amsmath\amsbsy.sty"
Package: amsbsy 1999/11/29 v1.2d Bold Symbols
\pmbraise@=\dimen106
)
("C:\Program Files\MiKTeX 2.9\tex/latex/amsmath\amsopn.sty"
Package: amsopn 2016/03/08 v2.02 operator names
)
\inf@bad=\count94
LaTeX Info: Redefining \frac on input line 223.
\uproot@=\count95
\leftroot@=\count96
LaTeX Info: Redefining \overline on input line 385.
\classnum@=\count97
\DOTSCASE@=\count98
LaTeX Info: Redefining \ldots on input line 482.
LaTeX Info: Redefining \dots on input line 485.
LaTeX Info: Redefining \cdots on input line 606.
\Mathstrutbox@=\box29
\strutbox@=\box30
\big@size=\dimen107
LaTeX Font Info:    Redeclaring font encoding OML on input line 729.
LaTeX Font Info:    Redeclaring font encoding OMS on input line 730.
\macc@depth=\count99
\c@MaxMatrixCols=\count100
\dotsspace@=\muskip10
\c@parentequation=\count101
\dspbrk@lvl=\count102
\tag@help=\toks19
\row@=\count103
\column@=\count104
\maxfields@=\count105
\andhelp@=\toks20
\eqnshift@=\dimen108
\alignsep@=\dimen109
\tagshift@=\dimen110
\tagwidth@=\dimen111
\totwidth@=\dimen112
\lineht@=\dimen113
\@envbody=\toks21
\multlinegap=\skip46
\multlinetaggap=\skip47
\mathdisplay@stack=\toks22
LaTeX Info: Redefining \[ on input line 2844.
LaTeX Info: Redefining \] on input line 2845.
)
(C:\Users\Dasaed\AppData\Roaming\MiKTeX\2.9\tex/latex/adjustbox\adjustbox.sty
Package: adjustbox 2019/01/04 v1.2 Adjusting TeX boxes (trim, clip, ...)

("C:\Program Files\MiKTeX 2.9\tex/latex/xkeyval\xkeyval.sty"
Package: xkeyval 2014/12/03 v2.7a package option processing (HA)

("C:\Program Files\MiKTeX 2.9\tex/generic/xkeyval\xkeyval.tex"
("C:\Program Files\MiKTeX 2.9\tex/generic/xkeyval\xkvutils.tex"
\XKV@toks=\toks23
\XKV@tempa@toks=\toks24
)
\XKV@depth=\count106
File: xkeyval.tex 2014/12/03 v2.7a key=value parser (HA)
))
(C:\Users\Dasaed\AppData\Roaming\MiKTeX\2.9\tex/latex/adjustbox\adjcalc.sty
Package: adjcalc 2012/05/16 v1.1 Provides advanced setlength with multiple back
-ends (calc, etex, pgfmath)
)
(C:\Users\Dasaed\AppData\Roaming\MiKTeX\2.9\tex/latex/adjustbox\trimclip.sty
Package: trimclip 2018/04/08 v1.1 Trim and clip general TeX material

(C:\Users\Dasaed\AppData\Roaming\MiKTeX\2.9\tex/latex/collectbox\collectbox.sty
Package: collectbox 2012/05/17 v0.4b Collect macro arguments as boxes
\collectedbox=\box31
)
\tc@llx=\dimen114
\tc@lly=\dimen115
\tc@urx=\dimen116
\tc@ury=\dimen117
Package trimclip Info: Using driver 'tc-pdftex.def'.
 (C:\Users\Dasaed\AppData\Roaming\MiKTeX\2.9\tex/latex/adjustbox\tc-pdftex.def
File: tc-pdftex.def 2019/01/04 v2.2 Clipping driver for pdftex
))
\adjbox@Width=\dimen118
\adjbox@Height=\dimen119
\adjbox@Depth=\dimen120
\adjbox@Totalheight=\dimen121
\adjbox@pwidth=\dimen122
\adjbox@pheight=\dimen123
\adjbox@pdepth=\dimen124
\adjbox@ptotalheight=\dimen125

(C:\Users\Dasaed\AppData\Roaming\MiKTeX\2.9\tex/latex/ifoddpage\ifoddpage.sty
Package: ifoddpage 2016/04/23 v1.1 Conditionals for odd/even page detection
\c@checkoddpage=\count107
)
(C:\Users\Dasaed\AppData\Roaming\MiKTeX\2.9\tex/latex/varwidth\varwidth.sty
Package: varwidth 2009/03/30 ver 0.92;  Variable-width minipages
\@vwid@box=\box32
\sift@deathcycles=\count108
\@vwid@loff=\dimen126
\@vwid@roff=\dimen127
))
(C:\Users\Dasaed\AppData\Roaming\MiKTeX\2.9\tex/latex/preprint\authblk.sty
Package: authblk 2001/02/27 1.3 (PWD)
\affilsep=\skip48
\@affilsep=\skip49
\c@Maxaffil=\count109
\c@authors=\count110
\c@affil=\count111
)
(C:\Users\Dasaed\AppData\Roaming\MiKTeX\2.9\tex/latex/pbox\pbox.sty
Package: pbox 2011/12/07 v1.2 Dynamic parboxes

("C:\Program Files\MiKTeX 2.9\tex/latex/tools\calc.sty"
Package: calc 2017/05/25 v4.3 Infix arithmetic (KKT,FJ)
\calc@Acount=\count112
\calc@Bcount=\count113
\calc@Adimen=\dimen128
\calc@Bdimen=\dimen129
\calc@Askip=\skip50
\calc@Bskip=\skip51
LaTeX Info: Redefining \setlength on input line 80.
LaTeX Info: Redefining \addtolength on input line 81.
\calc@Ccount=\count114
\calc@Cskip=\skip52
)
\pb@xlen=\skip53
)
("C:\Program Files\MiKTeX 2.9\tex/latex/geometry\geometry.sty"
Package: geometry 2018/04/16 v5.8 Page Geometry

("C:\Program Files\MiKTeX 2.9\tex/generic/oberdiek\ifpdf.sty"
Package: ifpdf 2018/09/07 v3.3 Provides the ifpdf switch
)
("C:\Program Files\MiKTeX 2.9\tex/generic/oberdiek\ifvtex.sty"
Package: ifvtex 2016/05/16 v1.6 Detect VTeX and its facilities (HO)
Package ifvtex Info: VTeX not detected.
)
("C:\Program Files\MiKTeX 2.9\tex/generic/ifxetex\ifxetex.sty"
Package: ifxetex 2010/09/12 v0.6 Provides ifxetex conditional
)
\Gm@cnth=\count115
\Gm@cntv=\count116
\c@Gm@tempcnt=\count117
\Gm@bindingoffset=\dimen130
\Gm@wd@mp=\dimen131
\Gm@odd@mp=\dimen132
\Gm@even@mp=\dimen133
\Gm@layoutwidth=\dimen134
\Gm@layoutheight=\dimen135
\Gm@layouthoffset=\dimen136
\Gm@layoutvoffset=\dimen137
\Gm@dimlist=\toks25

("C:\Program Files\MiKTeX 2.9\tex/latex/geometry\geometry.cfg"))
(A4_fixed_table_and_image.aux)
\openout1 = `A4_fixed_table_and_image.aux'.

LaTeX Font Info:    Checking defaults for OML/cmm/m/it on input line 44.
LaTeX Font Info:    ... okay on input line 44.
LaTeX Font Info:    Checking defaults for T1/cmr/m/n on input line 44.
LaTeX Font Info:    ... okay on input line 44.
LaTeX Font Info:    Checking defaults for OT1/cmr/m/n on input line 44.
LaTeX Font Info:    ... okay on input line 44.
LaTeX Font Info:    Checking defaults for OMS/cmsy/m/n on input line 44.
LaTeX Font Info:    ... okay on input line 44.
LaTeX Font Info:    Checking defaults for OMX/cmex/m/n on input line 44.
LaTeX Font Info:    ... okay on input line 44.
LaTeX Font Info:    Checking defaults for U/cmr/m/n on input line 44.
LaTeX Font Info:    ... okay on input line 44.

(C:\Users\Dasaed\AppData\Roaming\MiKTeX\2.9\tex/context/base\supp-pdf.mkii
[Loading MPS to PDF converter (version 2006.09.02).]
\scratchcounter=\count118
\scratchdimen=\dimen138
\scratchbox=\box33
\nofMPsegments=\count119
\nofMParguments=\count120
\everyMPshowfont=\toks26
\MPscratchCnt=\count121
\MPscratchDim=\dimen139
\MPnumerator=\count122
\makeMPintoPDFobject=\count123
\everyMPtoPDFconversion=\toks27
) ("C:\Program Files\MiKTeX 2.9\tex/latex/oberdiek\epstopdf-base.sty"
Package: epstopdf-base 2016/05/15 v2.6 Base part for package epstopdf

("C:\Program Files\MiKTeX 2.9\tex/generic/oberdiek\infwarerr.sty"
Package: infwarerr 2016/05/16 v1.4 Providing info/warning/error messages (HO)
)
("C:\Program Files\MiKTeX 2.9\tex/latex/oberdiek\grfext.sty"
Package: grfext 2016/05/16 v1.2 Manage graphics extensions (HO)

("C:\Program Files\MiKTeX 2.9\tex/generic/oberdiek\kvdefinekeys.sty"
Package: kvdefinekeys 2016/05/16 v1.4 Define keys (HO)

("C:\Program Files\MiKTeX 2.9\tex/generic/oberdiek\ltxcmds.sty"
Package: ltxcmds 2016/05/16 v1.23 LaTeX kernel commands for general use (HO)
)))
("C:\Program Files\MiKTeX 2.9\tex/latex/oberdiek\kvoptions.sty"
Package: kvoptions 2016/05/16 v3.12 Key value format for package options (HO)

("C:\Program Files\MiKTeX 2.9\tex/generic/oberdiek\kvsetkeys.sty"
Package: kvsetkeys 2016/05/16 v1.17 Key value parser (HO)

("C:\Program Files\MiKTeX 2.9\tex/generic/oberdiek\etexcmds.sty"
Package: etexcmds 2016/05/16 v1.6 Avoid name clashes with e-TeX commands (HO)

("C:\Program Files\MiKTeX 2.9\tex/generic/oberdiek\ifluatex.sty"
Package: ifluatex 2016/05/16 v1.4 Provides the ifluatex switch (HO)
Package ifluatex Info: LuaTeX not detected.
))))
("C:\Program Files\MiKTeX 2.9\tex/generic/oberdiek\pdftexcmds.sty"
Package: pdftexcmds 2018/09/10 v0.29 Utility functions of pdfTeX for LuaTeX (HO
)
Package pdftexcmds Info: LuaTeX not detected.
Package pdftexcmds Info: \pdf@primitive is available.
Package pdftexcmds Info: \pdf@ifprimitive is available.
Package pdftexcmds Info: \pdfdraftmode found.
)
Package epstopdf-base Info: Redefining graphics rule for `.eps' on input line 4
38.
Package grfext Info: Graphics extension search list:
(grfext)             [.pdf,.png,.jpg,.mps,.jpeg,.jbig2,.jb2,.PDF,.PNG,.JPG,.JPE
G,.JBIG2,.JB2,.eps]
(grfext)             \AppendGraphicsExtensions on input line 456.
)
*geometry* driver: auto-detecting
*geometry* detected driver: pdftex
*geometry* verbose mode - [ preamble ] result:
* driver: pdftex
* paper: <default>
* layout: <same size as paper>
* layoutoffset:(h,v)=(0.0pt,0.0pt)
* modes: 
* h-part:(L,W,R)=(72.26999pt, 469.75502pt, 72.26999pt)
* v-part:(T,H,B)=(72.26999pt, 650.43001pt, 72.26999pt)
* \paperwidth=614.295pt
* \paperheight=794.96999pt
* \textwidth=469.75502pt
* \textheight=650.43001pt
* \oddsidemargin=0.0pt
* \evensidemargin=0.0pt
* \topmargin=-37.0pt
* \headheight=12.0pt
* \headsep=25.0pt
* \topskip=10.0pt
* \footskip=30.0pt
* \marginparwidth=65.0pt
* \marginparsep=11.0pt
* \columnsep=10.0pt
* \skip\footins=9.0pt plus 4.0pt minus 2.0pt
* \hoffset=0.0pt
* \voffset=0.0pt
* \mag=1000
* \@twocolumntrue
* \@twosidefalse
* \@mparswitchfalse
* \@reversemarginfalse
* (1in=72.27pt=25.4mm, 1cm=28.453pt)

LaTeX Font Info:    Try loading font information for OMS+cmr on input line 64.
("C:\Program Files\MiKTeX 2.9\tex/latex/base\omscmr.fd"
File: omscmr.fd 2014/09/29 v2.5h Standard LaTeX font definitions
)
LaTeX Font Info:    Font shape `OMS/cmr/m/n' in size <10> not available
(Font)              Font shape `OMS/cmsy/m/n' tried instead on input line 64.

Overfull \hbox (4.4006pt too wide) in paragraph at lines 66--68
[]\OT1/cmr/m/n/10 Optimizer The first op-ti-mizer tested was ADAM.
 []


Overfull \hbox (8.94699pt too wide) in paragraph at lines 66--68
\OT1/cmr/m/n/10 and train-ing time. Our fi-nal se-lec-tion was ADAM. 
 []

[1{C:/Users/Dasaed/AppData/Local/MiKTeX/2.9/pdftex/config/pdftex.map}



]
<results.png, id=11, 983.675pt x 843.15pt>
File: results.png Graphic file (type png)
<use results.png>
Package pdftex.def Info: results.png  used on input line 82.
(pdftex.def)             Requested size: 469.75502pt x 402.64893pt.

Overfull \hbox (239.87752pt too wide) in paragraph at lines 82--83
[][] 
 []

[2

 <./results.png>]
Underfull \hbox (badness 10000) in paragraph at lines 96--96
[]\OT1/cmr/m/n/10 CNN 32 hi-den
 []


Underfull \hbox (badness 10000) in paragraph at lines 96--96
\OT1/cmr/m/n/10 unit-s-Ac-ti-va-tion
 []


Underfull \hbox (badness 10000) in paragraph at lines 96--96
\OT1/cmr/m/n/10 func-tion = RE-
 []


Underfull \hbox (badness 10000) in paragraph at lines 96--96
[]\OT1/cmr/m/n/10 CNN 32 hi-den
 []


Underfull \hbox (badness 10000) in paragraph at lines 96--96
\OT1/cmr/m/n/10 unit-s-Ac-ti-va-tion
 []


Underfull \hbox (badness 10000) in paragraph at lines 96--96
[]\OT1/cmr/m/n/10 CNN 32 hi-den
 []


Underfull \hbox (badness 10000) in paragraph at lines 96--96
\OT1/cmr/m/n/10 unit-s-Ac-ti-va-tion
 []


Underfull \hbox (badness 10000) in paragraph at lines 96--96
[]\OT1/cmr/m/n/10 CNN 32 hi-den
 []


Underfull \hbox (badness 10000) in paragraph at lines 96--96
\OT1/cmr/m/n/10 unit-s-Ac-ti-va-tion
 []


Underfull \hbox (badness 10000) in paragraph at lines 96--96
[]\OT1/cmr/m/n/10 CNN 32 hi-den
 []


Underfull \hbox (badness 10000) in paragraph at lines 96--96
\OT1/cmr/m/n/10 unit-s-Ac-ti-va-tion
 []


Underfull \hbox (badness 10000) in paragraph at lines 96--96
\OT1/cmr/m/n/10 func-tion = Sig-
 []


Underfull \hbox (badness 10000) in paragraph at lines 97--97
[]\OT1/cmr/m/n/10 CNN 64 hi-den
 []


Underfull \hbox (badness 10000) in paragraph at lines 97--97
\OT1/cmr/m/n/10 unit-s-Ac-ti-va-tion
 []


Underfull \hbox (badness 10000) in paragraph at lines 97--97
[]\OT1/cmr/m/n/10 CNN 64 hi-den
 []


Underfull \hbox (badness 10000) in paragraph at lines 97--97
\OT1/cmr/m/n/10 unit-s-Ac-ti-va-tion
 []


Underfull \hbox (badness 10000) in paragraph at lines 97--97
[]\OT1/cmr/m/n/10 CNN 64 hi-den
 []


Underfull \hbox (badness 10000) in paragraph at lines 97--97
\OT1/cmr/m/n/10 unit-s-Ac-ti-va-tion
 []


Underfull \hbox (badness 10000) in paragraph at lines 97--97
[]\OT1/cmr/m/n/10 CNN 64 hi-den
 []


Underfull \hbox (badness 10000) in paragraph at lines 97--97
\OT1/cmr/m/n/10 unit-s-Ac-ti-va-tion
 []


Underfull \hbox (badness 10000) in paragraph at lines 97--97
[]\OT1/cmr/m/n/10 CNN 64 hi-den
 []


Underfull \hbox (badness 10000) in paragraph at lines 97--97
\OT1/cmr/m/n/10 unit-s-Ac-ti-va-tion
 []


Underfull \hbox (badness 10000) in paragraph at lines 98--98
[]\OT1/cmr/m/n/10 CNN 64 hi-den
 []


Underfull \hbox (badness 10000) in paragraph at lines 98--98
\OT1/cmr/m/n/10 unit-s-Ac-ti-va-tion
 []


Underfull \hbox (badness 10000) in paragraph at lines 98--98
[]\OT1/cmr/m/n/10 CNN 64 hi-den
 []


Underfull \hbox (badness 10000) in paragraph at lines 98--98
\OT1/cmr/m/n/10 unit-s-Ac-ti-va-tion
 []


Underfull \hbox (badness 10000) in paragraph at lines 98--98
[]\OT1/cmr/m/n/10 CNN 64 hi-den
 []


Underfull \hbox (badness 10000) in paragraph at lines 98--98
\OT1/cmr/m/n/10 unit-s-Ac-ti-va-tion
 []


Underfull \hbox (badness 10000) in paragraph at lines 98--98
[]\OT1/cmr/m/n/10 CNN 64 hi-den
 []


Underfull \hbox (badness 10000) in paragraph at lines 98--98
\OT1/cmr/m/n/10 unit-s-Ac-ti-va-tion
 []


Underfull \hbox (badness 10000) in paragraph at lines 98--98
\OT1/cmr/m/n/10 func-tion = Sig-
 []


Underfull \hbox (badness 10000) in paragraph at lines 99--99
[]\OT1/cmr/m/n/10 CNN 64 hi-den
 []


Underfull \hbox (badness 10000) in paragraph at lines 99--99
\OT1/cmr/m/n/10 unit-s-Ac-ti-va-tion
 []


Underfull \hbox (badness 10000) in paragraph at lines 99--99
[]\OT1/cmr/m/n/10 CNN 64 hi-den
 []


Underfull \hbox (badness 10000) in paragraph at lines 99--99
\OT1/cmr/m/n/10 unit-s-Ac-ti-va-tion
 []


Underfull \hbox (badness 10000) in paragraph at lines 99--99
[]\OT1/cmr/m/n/10 CNN 64 hi-den
 []


Underfull \hbox (badness 10000) in paragraph at lines 99--99
\OT1/cmr/m/n/10 unit-s-Ac-ti-va-tion
 []


Underfull \hbox (badness 10000) in paragraph at lines 99--99
[]\OT1/cmr/m/n/10 CNN 64 hi-den
 []


Underfull \hbox (badness 10000) in paragraph at lines 99--99
\OT1/cmr/m/n/10 unit-s-Ac-ti-va-tion
 []


Underfull \hbox (badness 10000) in paragraph at lines 99--99
\OT1/cmr/m/n/10 func-tion = Sig-
 []


Underfull \hbox (badness 10000) in paragraph at lines 101--101
[]\OT1/cmr/m/n/10 Dense128 Hid-den
 []


Underfull \hbox (badness 10000) in paragraph at lines 103--103
[]\OT1/cmr/m/n/10 Dense10 Hid-den
 []


Underfull \hbox (badness 10000) in paragraph at lines 103--103
[]\OT1/cmr/m/n/10 Dense128 Hid-den
 []


Underfull \hbox (badness 10000) in paragraph at lines 103--103
[]\OT1/cmr/m/n/10 Dense128 Hid-den
 []


Underfull \hbox (badness 10000) in paragraph at lines 103--103
[]\OT1/cmr/m/n/10 Dense128 Hid-den
 []


Underfull \hbox (badness 10000) in paragraph at lines 103--103
[]\OT1/cmr/m/n/10 Dense128 Hid-den
 []


Underfull \hbox (badness 10000) in paragraph at lines 104--104
[]\OT1/cmr/m/n/10 Dense10 Hid-den
 []


Underfull \hbox (badness 10000) in paragraph at lines 104--104
[]\OT1/cmr/m/n/10 Dense10 Hid-den
 []


Underfull \hbox (badness 10000) in paragraph at lines 104--104
[]\OT1/cmr/m/n/10 Dense10 Hid-den
 []


Underfull \hbox (badness 10000) in paragraph at lines 104--104
[]\OT1/cmr/m/n/10 Dense10 Hid-den
 []


Underfull \hbox (badness 4981) in paragraph at lines 106--106
[]\OT1/cmr/bx/n/10 loss Func-
 []


Underfull \hbox (badness 10000) in paragraph at lines 106--106
[]\OT1/cmr/m/n/10 categorical
 []


Underfull \hbox (badness 10000) in paragraph at lines 106--106
[]\OT1/cmr/m/n/10 categorical
 []


Underfull \hbox (badness 10000) in paragraph at lines 106--106
[]\OT1/cmr/m/n/10 categorical
 []


Underfull \hbox (badness 10000) in paragraph at lines 106--106
[]\OT1/cmr/m/n/10 categorical
 []


Underfull \hbox (badness 10000) in paragraph at lines 106--106
[]\OT1/cmr/m/n/10 categorical
 []


Overfull \hbox (183.72241pt too wide) in paragraph at lines 90--111
[] 
 []

[3


] (A4_fixed_table_and_image.aux) ) 
Here is how much of TeX's memory you used:
 3987 strings out of 492946
 57926 string characters out of 3135524
 154656 words of memory out of 3000000
 7800 multiletter control sequences out of 15000+200000
 8716 words of font info for 32 fonts, out of 3000000 for 9000
 1141 hyphenation exceptions out of 8191
 41i,10n,68p,704b,280s stack positions out of 5000i,500n,10000p,200000b,50000s
<C:/Program Files/MiKTeX 2.9/fonts/type1/publ
ic/amsfonts/cm/cmbx10.pfb><C:/Program Files/MiKTeX 2.9/fonts/type1/public/amsfo
nts/cm/cmbx12.pfb><C:/Program Files/MiKTeX 2.9/fonts/type1/public/amsfonts/cm/c
mr10.pfb><C:/Program Files/MiKTeX 2.9/fonts/type1/public/amsfonts/cm/cmr12.pfb>
<C:/Program Files/MiKTeX 2.9/fonts/type1/public/amsfonts/cm/cmr17.pfb><C:/Progr
am Files/MiKTeX 2.9/fonts/type1/public/amsfonts/cm/cmr8.pfb><C:/Program Files/M
iKTeX 2.9/fonts/type1/public/amsfonts/cm/cmsy10.pfb>
Output written on A4_fixed_table_and_image.pdf (3 pages, 165423 bytes).
PDF statistics:
 41 PDF objects out of 1000 (max. 8388607)
 0 named destinations out of 1000 (max. 500000)
 6 words of extra memory for PDF output out of 10000 (max. 10000000)

